<?xml version="1.0" encoding="UTF-8"?>
<!-- Generated by org.testng.reporters.JUnitReportReporter -->
<testsuite skipped="0" hostname="192.168.100.3" name="by.htp.belavia.ReturnTicketsTest" tests="1" failures="0" timestamp="26 Jul 2018 18:20:37 GMT" time="36.851" errors="0">
  <testcase name="TwoWayTicketsLog" time="36.851" classname="by.htp.belavia.ReturnTicketsTest"/>
</testsuite> <!-- by.htp.belavia.ReturnTicketsTest -->
