<?xml version="1.0" encoding="UTF-8"?>
<!-- Generated by org.testng.reporters.JUnitReportReporter -->
<testsuite skipped="0" hostname="192.168.100.3" name="by.htp.belavia.OneWayTicketsTest" tests="1" failures="0" timestamp="26 Jul 2018 17:41:08 GMT" time="45.751" errors="0">
  <testcase name="OneWayTicketsLog" time="45.751" classname="by.htp.belavia.OneWayTicketsTest"/>
</testsuite> <!-- by.htp.belavia.OneWayTicketsTest -->
