<?xml version="1.0" encoding="UTF-8"?>
<!-- Generated by org.testng.reporters.JUnitReportReporter -->
<testsuite skipped="0" hostname="mbp-macbook" name="by.htp.belavia.TicketsTest" tests="1" failures="0" timestamp="22 Jul 2018 17:12:12 GMT" time="0.006" errors="0">
  <testcase name="sysout" time="0.006" classname="by.htp.belavia.TicketsTest"/>
</testsuite> <!-- by.htp.belavia.TicketsTest -->
