<?xml version="1.0" encoding="UTF-8"?>
<!-- Generated by org.testng.reporters.JUnitReportReporter -->
<testsuite skipped="0" hostname="MacBook-Pro-Macbook.local" name="by.htp.belavia.OneWayTicketsTest" tests="1" failures="0" timestamp="26 Jul 2018 08:31:24 GMT" time="26.141" errors="0">
  <testcase name="OneWayTicketsLog" time="26.141" classname="by.htp.belavia.OneWayTicketsTest"/>
</testsuite> <!-- by.htp.belavia.OneWayTicketsTest -->
