<?xml version="1.0" encoding="UTF-8"?>
<!-- Generated by org.testng.reporters.JUnitReportReporter -->
<testsuite skipped="0" hostname="MacBook-Pro-Macbook.local" name="by.htp.belavia.TicketsTest" tests="1" failures="0" timestamp="25 Jul 2018 12:45:53 GMT" time="19.788" errors="0">
  <testcase name="sysout" time="19.788" classname="by.htp.belavia.TicketsTest"/>
</testsuite> <!-- by.htp.belavia.TicketsTest -->
