<?xml version="1.0" encoding="UTF-8"?>
<!-- Generated by org.testng.reporters.JUnitReportReporter -->
<testsuite skipped="0" hostname="MacBook-Pro-Macbook.local" name="by.htp.belavia.TicketsTest" tests="1" failures="0" timestamp="26 Jul 2018 07:39:52 GMT" time="35.183" errors="0">
  <testcase name="sysout" time="35.183" classname="by.htp.belavia.TicketsTest"/>
</testsuite> <!-- by.htp.belavia.TicketsTest -->
