<?xml version="1.0" encoding="UTF-8"?>
<!-- Generated by org.testng.reporters.JUnitReportReporter -->
<testsuite skipped="0" hostname="MacBook-Pro-Macbook.local" name="by.htp.belavia.TicketsTest" tests="1" failures="0" timestamp="26 Jul 2018 08:29:38 GMT" time="33.541" errors="0">
  <testcase name="OneWayTicketsLog" time="33.541" classname="by.htp.belavia.TicketsTest"/>
</testsuite> <!-- by.htp.belavia.TicketsTest -->
